D:\####_PROJECTS_ALT\CPP_FILES\MY_WORKSPACE_1\P_2\P_2\DEBUG\SOURCE.OBJ
D:\####_PROJECTS_ALT\CPP_FILES\MY_WORKSPACE_1\P_2\P_2\DEBUG\VC110.PDB
D:\####_PROJECTS_ALT\CPP_FILES\MY_WORKSPACE_1\P_2\DEBUG\P_2.ILK
D:\####_PROJECTS_ALT\CPP_FILES\MY_WORKSPACE_1\P_2\DEBUG\P_2.EXE
D:\####_PROJECTS_ALT\CPP_FILES\MY_WORKSPACE_1\P_2\DEBUG\P_2.PDB
D:\####_PROJECTS_ALT\CPP_FILES\MY_WORKSPACE_1\P_2\P_2\Debug\Source.obj
D:\####_PROJECTS_ALT\CPP_FILES\MY_WORKSPACE_1\P_2\P_2\Debug\cl.command.1.tlog
D:\####_PROJECTS_ALT\CPP_FILES\MY_WORKSPACE_1\P_2\P_2\Debug\CL.read.1.tlog
D:\####_PROJECTS_ALT\CPP_FILES\MY_WORKSPACE_1\P_2\P_2\Debug\CL.write.1.tlog
D:\####_PROJECTS_ALT\CPP_FILES\MY_WORKSPACE_1\P_2\P_2\Debug\link-cvtres.read.1.tlog
D:\####_PROJECTS_ALT\CPP_FILES\MY_WORKSPACE_1\P_2\P_2\Debug\link-cvtres.write.1.tlog
D:\####_PROJECTS_ALT\CPP_FILES\MY_WORKSPACE_1\P_2\P_2\Debug\link-rc.read.1.tlog
D:\####_PROJECTS_ALT\CPP_FILES\MY_WORKSPACE_1\P_2\P_2\Debug\link-rc.write.1.tlog
D:\####_PROJECTS_ALT\CPP_FILES\MY_WORKSPACE_1\P_2\P_2\Debug\link.command.1.tlog
D:\####_PROJECTS_ALT\CPP_FILES\MY_WORKSPACE_1\P_2\P_2\Debug\link.read.1.tlog
D:\####_PROJECTS_ALT\CPP_FILES\MY_WORKSPACE_1\P_2\P_2\Debug\link.write.1.tlog
D:\####_PROJECTS_ALT\CPP_FILES\MY_WORKSPACE_1\P_2\P_2\Debug\vc110.idb
D:\####_PROJECTS_ALT\CPP_FILES\MY_WORKSPACE_1\P_2\P_2\Debug\vc110.pdb
D:\####_PROJECTS_ALT\CPP_FILES\MY_WORKSPACE_1\P_2\Debug\P_2.pdb
D:\####_PROJECTS_ALT\CPP_FILES\MY_WORKSPACE_1\P_2\Debug\P_2.exe
D:\####_PROJECTS_ALT\CPP_FILES\MY_WORKSPACE_1\P_2\Debug\P_2.ilk
